<?xml version="1.0" encoding="UTF-8"?>
<!-- Generated by org.testng.reporters.JUnitReportReporter -->
<testsuite skipped="0" hostname="Admin-HP" name="AalimPak.AalimCls" tests="1" failures="0" timestamp="17 Apr 2017 16:25:29 GMT" time="16.534" errors="0">
  <testcase name="myMet2" time="16.534" classname="AalimPak.AalimCls"/>
</testsuite> <!-- AalimPak.AalimCls -->
